<?xml version="1.0" encoding="UTF-8"?>
<!-- Generated by org.testng.reporters.JUnitReportReporter -->
<testsuite skipped="0" hostname="Asus-PC" name="Runners.TestRunner" tests="1" failures="0" timestamp="2020-09-06T21:36:58 CAT" time="5.290" errors="0">
  <testcase name="feature" time="5.290" classname="Runners.TestRunner"/>
  <system-out/>
</testsuite> <!-- Runners.TestRunner -->
