<?xml version="1.0" encoding="UTF-8"?>
<!-- Generated by org.testng.reporters.JUnitReportReporter -->
<testsuite skipped="0" hostname="Asus-PC" name="Runners.TestRunner" tests="2" failures="0" timestamp="2020-09-07T02:19:52 CAT" time="9.665" errors="0">
  <testcase name="feature" time="4.826" classname="Runners.TestRunner"/>
  <system-out/>
  <testcase name="feature" time="4.839" classname="Runners.TestRunner"/>
  <system-out/>
</testsuite> <!-- Runners.TestRunner -->
