<?xml version="1.0" encoding="UTF-8"?>
<!-- Generated by org.testng.reporters.JUnitReportReporter -->
<testsuite skipped="0" hostname="Asus-PC" name="iLab.iLabTest2" tests="2" failures="0" timestamp="2020-09-04T20:05:58 CAT" time="105.430" errors="0">
  <testcase name="testILabDB" time="38.667" classname="iLab.iLabTest2"/>
  <system-out>
Launching FIREFOX browser and navigating to:http://www.ilabquality.com/ Clicking careers Selecting country Selecting job Clicking apply Capturing applicant details Submitting application Verifying error message Closing browser  </system-out>
  <testcase name="testILabDB" time="66.763" classname="iLab.iLabTest2"/>
  <system-out>
Launching CHROME browser and navigating to:http://www.ilabquality.com/ Clicking careers Selecting country Selecting job Clicking apply Capturing applicant details Submitting application Verifying error message Closing browser  </system-out>
</testsuite> <!-- iLab.iLabTest2 -->
