<?xml version="1.0" encoding="UTF-8"?>
<!-- Generated by org.testng.reporters.JUnitReportReporter -->
<testsuite skipped="0" hostname="Asus-PC" name="iLab.iLabTest" tests="2" failures="0" timestamp="2020-09-04T20:05:58 CAT" time="60.879" errors="0">
  <testcase name="testILab" time="34.397" classname="iLab.iLabTest"/>
  <system-out>
Launching firefox browser and navigating to:http://www.ilabquality.com/ Clicking careers Selecting country Selecting job Clicking apply Capturing applicant details Submitting application Verifying error message  </system-out>
  <testcase name="testILab" time="26.482" classname="iLab.iLabTest"/>
  <system-out>
Launching chrome browser and navigating to:http://www.ilabquality.com/ Clicking careers Selecting country Selecting job Clicking apply Capturing applicant details Submitting application Verifying error message  </system-out>
</testsuite> <!-- iLab.iLabTest -->
